2026-02-19 xxxx:xxxx:xxxx:xxxx:xxxx:xxxx:xxxx:xxxx.866 IST [4692] harsh@harsh [local] LOG:  disconnection: session time: xxxx:xxxx:xxxx:xxxx:xxxx:xxxx:xxxx:xxxx.455 user=harsh database=harsh host=[local]
2026-02-19 xxxx:xxxx:xxxx:xxxx:xxxx:xxxx:xxxx:xxxx.866 IST [4649] harsh@harsh [local] LOG:  disconnection: session time: xxxx:xxxx:xxxx:xxxx:xxxx:xxxx:xxxx:xxxx.180 user=harsh database=harsh host=[local]
2026-02-19 xxxx:xxxx:xxxx:xxxx:xxxx:xxxx:xxxx:xxxx.670 IST [4592] @  LOG:  received smart shutdown request
2026-02-19 xxxx:xxxx:xxxx:xxxx:xxxx:xxxx:xxxx:xxxx.124 IST [4592] @  LOG:  received SIGHUP, reloading configuration files
2026-02-19 xxxx:xxxx:xxxx:xxxx:xxxx:xxxx:xxxx:xxxx.126 IST [4592] @  LOG:  background worker "logical replication launcher" (PID 4599) exited with exit code 1
2026-02-19 xxxx:xxxx:xxxx:xxxx:xxxx:xxxx:xxxx:xxxx.127 IST [4594] @  LOG:  shutting down
2026-02-19 xxxx:xxxx:xxxx:xxxx:xxxx:xxxx:xxxx:xxxx.279 IST [4594] @  LOG:  checkpoint starting: shutdown immediate
2026-02-19 xxxx:xxxx:xxxx:xxxx:xxxx:xxxx:xxxx:xxxx.690 IST [4594] @  LOG:  checkpoint complete: wrote 0 buffers (0.0%); 0 WAL file(s) added, 0 removed, 0 recycled; write=0.001 s, sync=0.001 s, total=0.564 s; sync files=0, longest=0.000 s, average=0.000 s; distance=0 kB, estimate=0 kB; lsn=0/19247A8, redo lsn=0/19247A8
2026-02-19 xxxx:xxxx:xxxx:xxxx:xxxx:xxxx:xxxx:xxxx.699 IST [4592] @  LOG:  database system is shut down
2026-02-19 xxxx:xxxx:xxxx:xxxx:xxxx:xxxx:xxxx:xxxx.831 IST [2249] @  LOG:  starting PostgreSQL 16.4 on x86_64-pc-linux-gnu, compiled by gcc (GCC) 8.5.0 20210514 (Red Hat 8.5.0-22.0.1), 64-bit
2026-02-19 xxxx:xxxx:xxxx:xxxx:xxxx:xxxx:xxxx:xxxx.833 IST [2249] @  LOG:  listening on IPv6 address "::1", port 5432
2026-02-19 xxxx:xxxx:xxxx:xxxx:xxxx:xxxx:xxxx:xxxx.833 IST [2249] @  LOG:  listening on IPv4 address "xxx.xxx.xxx.xxx", port 5432
2026-02-19 xxxx:xxxx:xxxx:xxxx:xxxx:xxxx:xxxx:xxxx.913 IST [2249] @  LOG:  listening on Unix socket "/db1/myserver/postgresql/run/.s.PGSQL.5432"
2026-02-19 xxxx:xxxx:xxxx:xxxx:xxxx:xxxx:xxxx:xxxx.019 IST [2253] @  LOG:  database system was shut down at 2026-02-19 xxxx:xxxx:xxxx:xxxx:xxxx:xxxx:xxxx:xxxx IST
2026-02-19 xxxx:xxxx:xxxx:xxxx:xxxx:xxxx:xxxx:xxxx.136 IST [2249] @  LOG:  database system is ready to accept connections
2026-02-19 xxxx:xxxx:xxxx:xxxx:xxxx:xxxx:xxxx:xxxx.822 IST [2294] [unknown]@[unknown] [local] LOG:  connection received: host=[local]
2026-02-19 xxxx:xxxx:xxxx:xxxx:xxxx:xxxx:xxxx:xxxx.261 IST [2295] [unknown]@[unknown] [local] LOG:  connection received: host=[local]
2026-02-19 xxxx:xxxx:xxxx:xxxx:xxxx:xxxx:xxxx:xxxx.347 IST [2295] harsh@harsh [local] LOG:  connection authenticated: identity="harsh" method=scram-sha-256 (/db1/myserver/postgresql/config/pg_hba.conf:9)
2026-02-19 xxxx:xxxx:xxxx:xxxx:xxxx:xxxx:xxxx:xxxx.347 IST [2295] harsh@harsh [local] LOG:  connection authorized: user=harsh database=harsh application_name=psql
2026-02-19 xxxx:xxxx:xxxx:xxxx:xxxx:xxxx:xxxx:xxxx.117 IST [2251] @  LOG:  checkpoint starting: time
2026-02-19 xxxx:xxxx:xxxx:xxxx:xxxx:xxxx:xxxx:xxxx.358 IST [2251] @  LOG:  checkpoint complete: wrote 3 buffers (0.0%); 0 WAL file(s) added, 0 removed, 0 recycled; write=0.046 s, sync=0.022 s, total=0.241 s; sync files=2, longest=0.013 s, average=0.011 s; distance=0 kB, estimate=0 kB; lsn=0/1924890, redo lsn=0/1924858



Test updating this line to check git commit behaviour

Test1

Test2
