2026-02-27 xxxx:xxxx:xxxx:xxxx:xxxx:xxxx:xxxx:xxxx.615 IST [11327] [unknown]@[unknown] xxx.xxx.xxx.xxx LOG:  connection received: host=xxx.xxx.xxx.xxx port=58416
2026-02-27 xxxx:xxxx:xxxx:xxxx:xxxx:xxxx:xxxx:xxxx.722 IST [11327] postgres@postgres xxx.xxx.xxx.xxx LOG:  connection authenticated: identity="postgres" method=scram-sha-256 (/db1/myserver/postgresql/config/pg_hba.conf:PORT)
2026-02-27 xxxx:xxxx:xxxx:xxxx:xxxx:xxxx:xxxx:xxxx.722 IST [11327] postgres@postgres xxx.xxx.xxx.xxx LOG:  connection authorized: user=postgres database=postgres application_name=pg_dumpall
2026-02-27 xxxx:xxxx:xxxx:xxxx:xxxx:xxxx:xxxx:xxxx.179 IST [11330] [unknown]@[unknown] xxx.xxx.xxx.xxx LOG:  connection received: host=xxx.xxx.xxx.xxx port=58430
2026-02-27 xxxx:xxxx:xxxx:xxxx:xxxx:xxxx:xxxx:xxxx.253 IST [11330] postgres@template1 xxx.xxx.xxx.xxx LOG:  connection authenticated: identity="postgres" method=scram-sha-256 (/db1/myserver/postgresql/config/pg_hba.conf:PORT)
2026-02-27 xxxx:xxxx:xxxx:xxxx:xxxx:xxxx:xxxx:xxxx.253 IST [11330] postgres@template1 xxx.xxx.xxx.xxx LOG:  connection authorized: user=postgres database=template1 application_name=pg_dump
2026-02-27 xxxx:xxxx:xxxx:xxxx:xxxx:xxxx:xxxx:xxxx.779 IST [11330] postgres@template1 xxx.xxx.xxx.xxx LOG:  disconnection: session time: xxxx:xxxx:xxxx:xxxx:xxxx:xxxx:xxxx:xxxx.601 user=postgres database=template1 host=xxx.xxx.xxx.xxx port=58430
2026-02-27 xxxx:xxxx:xxxx:xxxx:xxxx:xxxx:xxxx:xxxx.803 IST [11333] [unknown]@[unknown] xxx.xxx.xxx.xxx LOG:  connection received: host=xxx.xxx.xxx.xxx port=58434
2026-02-27 xxxx:xxxx:xxxx:xxxx:xxxx:xxxx:xxxx:xxxx.872 IST [11333] postgres@harsh xxx.xxx.xxx.xxx LOG:  connection authenticated: identity="postgres" method=scram-sha-256 (/db1/myserver/postgresql/config/pg_hba.conf:PORT)
2026-02-27 xxxx:xxxx:xxxx:xxxx:xxxx:xxxx:xxxx:xxxx.872 IST [11333] postgres@harsh xxx.xxx.xxx.xxx LOG:  connection authorized: user=postgres database=harsh application_name=pg_dump
2026-02-27 xxxx:xxxx:xxxx:xxxx:xxxx:xxxx:xxxx:xxxx.636 IST [11333] postgres@harsh xxx.xxx.xxx.xxx LOG:  disconnection: session time: xxxx:xxxx:xxxx:xxxx:xxxx:xxxx:xxxx:xxxx.833 user=postgres database=harsh host=xxx.xxx.xxx.xxx port=58434
2026-02-27 xxxx:xxxx:xxxx:xxxx:xxxx:xxxx:xxxx:xxxx.659 IST [11336] [unknown]@[unknown] xxx.xxx.xxx.xxx LOG:  connection received: host=xxx.xxx.xxx.xxx port=50286
2026-02-27 xxxx:xxxx:xxxx:xxxx:xxxx:xxxx:xxxx:xxxx.730 IST [11336] postgres@postgres xxx.xxx.xxx.xxx LOG:  connection authenticated: identity="postgres" method=scram-sha-256 (/db1/myserver/postgresql/config/pg_hba.conf:PORT)
2026-02-27 xxxx:xxxx:xxxx:xxxx:xxxx:xxxx:xxxx:xxxx.730 IST [11336] postgres@postgres xxx.xxx.xxx.xxx LOG:  connection authorized: user=postgres database=postgres application_name=pg_dump
2026-02-27 xxxx:xxxx:xxxx:xxxx:xxxx:xxxx:xxxx:xxxx.101 IST [11336] postgres@postgres xxx.xxx.xxx.xxx LOG:  disconnection: session time: xxxx:xxxx:xxxx:xxxx:xxxx:xxxx:xxxx:xxxx.442 user=postgres database=postgres host=xxx.xxx.xxx.xxx port=50286
2026-02-27 xxxx:xxxx:xxxx:xxxx:xxxx:xxxx:xxxx:xxxx.103 IST [11327] postgres@postgres xxx.xxx.xxx.xxx LOG:  disconnection: session time: xxxx:xxxx:xxxx:xxxx:xxxx:xxxx:xxxx:xxxx.489 user=postgres database=postgres host=xxx.xxx.xxx.xxx port=58416
2026-02-27 xxxx:xxxx:xxxx:xxxx:xxxx:xxxx:xxxx:xxxx.474 IST [931] @  LOG:  received smart shutdown request
2026-02-27 xxxx:xxxx:xxxx:xxxx:xxxx:xxxx:xxxx:xxxx.880 IST [931] @  LOG:  received SIGHUP, reloading configuration files
2026-02-27 xxxx:xxxx:xxxx:xxxx:xxxx:xxxx:xxxx:xxxx.882 IST [931] @  LOG:  background worker "logical replication launcher" (PID 938) exited with exit code 1
2026-02-27 xxxx:xxxx:xxxx:xxxx:xxxx:xxxx:xxxx:xxxx.882 IST [933] @  LOG:  shutting down
2026-02-27 xxxx:xxxx:xxxx:xxxx:xxxx:xxxx:xxxx:xxxx.056 IST [933] @  LOG:  checkpoint starting: shutdown immediate
2026-02-27 xxxx:xxxx:xxxx:xxxx:xxxx:xxxx:xxxx:xxxx.402 IST [933] @  LOG:  checkpoint complete: wrote 0 buffers (0.0%); 0 WAL file(s) added, 0 removed, 0 recycled; write=0.001 s, sync=0.001 s, total=0.520 s; sync files=0, longest=0.000 s, average=0.000 s; distance=0 kB, estimate=0 kB; lsn=0/192D250, redo lsn=0/192D250
2026-02-27 xxxx:xxxx:xxxx:xxxx:xxxx:xxxx:xxxx:xxxx.415 IST [931] @  LOG:  database system is shut down
2026-02-27 xxxx:xxxx:xxxx:xxxx:xxxx:xxxx:xxxx:xxxx.994 IST [1202] @  LOG:  starting PostgreSQL 16.4 on x86_64-pc-linux-gnu, compiled by gcc (GCC) 8.5.0 20210514 (Red Hat 8.5.0-22.0.1), 64-bit
2026-02-27 xxxx:xxxx:xxxx:xxxx:xxxx:xxxx:xxxx:xxxx.995 IST [1202] @  LOG:  listening on IPv6 address "::1", port 5432
2026-02-27 xxxx:xxxx:xxxx:xxxx:xxxx:xxxx:xxxx:xxxx.995 IST [1202] @  LOG:  listening on IPv4 address "xxx.xxx.xxx.xxx", port 5432
2026-02-27 xxxx:xxxx:xxxx:xxxx:xxxx:xxxx:xxxx:xxxx.075 IST [1202] @  LOG:  listening on Unix socket "/db1/myserver/postgresql/run/.s.PGSQL.5432"
2026-02-27 xxxx:xxxx:xxxx:xxxx:xxxx:xxxx:xxxx:xxxx.181 IST [1206] @  LOG:  database system was shut down at 2026-02-27 xxxx:xxxx:xxxx:xxxx:xxxx:xxxx:xxxx:xxxx IST
2026-02-27 xxxx:xxxx:xxxx:xxxx:xxxx:xxxx:xxxx:xxxx.308 IST [1202] @  LOG:  database system is ready to accept connections
2026-02-27 xxxx:xxxx:xxxx:xxxx:xxxx:xxxx:xxxx:xxxx.277 IST [1204] @  LOG:  checkpoint starting: time
2026-02-27 xxxx:xxxx:xxxx:xxxx:xxxx:xxxx:xxxx:xxxx.805 IST [1204] @  LOG:  checkpoint complete: wrote 3 buffers (0.0%); 0 WAL file(s) added, 0 removed, 0 recycled; write=0.057 s, sync=0.025 s, total=0.529 s; sync files=2, longest=0.013 s, average=0.013 s; distance=0 kB, estimate=0 kB; lsn=0/192D338, redo lsn=0/192D300
