2026-03-02 xxxx:xxxx:xxxx:xxxx:xxxx:xxxx:xxxx:xxxx.058 IST [7873] [unknown]@[unknown] xxx.xxx.xxx.xxx LOG:  connection received: host=xxx.xxx.xxx.xxx port=35412
2026-03-02 xxxx:xxxx:xxxx:xxxx:xxxx:xxxx:xxxx:xxxx.165 IST [7873] postgres@postgres xxx.xxx.xxx.xxx LOG:  connection authenticated: identity="postgres" method=scram-sha-256 (/db1/myserver/postgresql/config/pg_hba.conf:PORT)
2026-03-02 xxxx:xxxx:xxxx:xxxx:xxxx:xxxx:xxxx:xxxx.166 IST [7873] postgres@postgres xxx.xxx.xxx.xxx LOG:  connection authorized: user=postgres database=postgres application_name=pg_dumpall
2026-03-02 xxxx:xxxx:xxxx:xxxx:xxxx:xxxx:xxxx:xxxx.610 IST [7876] [unknown]@[unknown] xxx.xxx.xxx.xxx LOG:  connection received: host=xxx.xxx.xxx.xxx port=35424
2026-03-02 xxxx:xxxx:xxxx:xxxx:xxxx:xxxx:xxxx:xxxx.687 IST [7876] postgres@template1 xxx.xxx.xxx.xxx LOG:  connection authenticated: identity="postgres" method=scram-sha-256 (/db1/myserver/postgresql/config/pg_hba.conf:PORT)
2026-03-02 xxxx:xxxx:xxxx:xxxx:xxxx:xxxx:xxxx:xxxx.687 IST [7876] postgres@template1 xxx.xxx.xxx.xxx LOG:  connection authorized: user=postgres database=template1 application_name=pg_dump
2026-03-02 xxxx:xxxx:xxxx:xxxx:xxxx:xxxx:xxxx:xxxx.179 IST [7876] postgres@template1 xxx.xxx.xxx.xxx LOG:  disconnection: session time: xxxx:xxxx:xxxx:xxxx:xxxx:xxxx:xxxx:xxxx.569 user=postgres database=template1 host=xxx.xxx.xxx.xxx port=35424
2026-03-02 xxxx:xxxx:xxxx:xxxx:xxxx:xxxx:xxxx:xxxx.200 IST [7879] [unknown]@[unknown] xxx.xxx.xxx.xxx LOG:  connection received: host=xxx.xxx.xxx.xxx port=35430
2026-03-02 xxxx:xxxx:xxxx:xxxx:xxxx:xxxx:xxxx:xxxx.269 IST [7879] postgres@harsh xxx.xxx.xxx.xxx LOG:  connection authenticated: identity="postgres" method=scram-sha-256 (/db1/myserver/postgresql/config/pg_hba.conf:PORT)
2026-03-02 xxxx:xxxx:xxxx:xxxx:xxxx:xxxx:xxxx:xxxx.269 IST [7879] postgres@harsh xxx.xxx.xxx.xxx LOG:  connection authorized: user=postgres database=harsh application_name=pg_dump
2026-03-02 xxxx:xxxx:xxxx:xxxx:xxxx:xxxx:xxxx:xxxx.157 IST [7879] postgres@harsh xxx.xxx.xxx.xxx LOG:  disconnection: session time: xxxx:xxxx:xxxx:xxxx:xxxx:xxxx:xxxx:xxxx.957 user=postgres database=harsh host=xxx.xxx.xxx.xxx port=35430
2026-03-02 xxxx:xxxx:xxxx:xxxx:xxxx:xxxx:xxxx:xxxx.180 IST [7882] [unknown]@[unknown] xxx.xxx.xxx.xxx LOG:  connection received: host=xxx.xxx.xxx.xxx port=35442
2026-03-02 xxxx:xxxx:xxxx:xxxx:xxxx:xxxx:xxxx:xxxx.250 IST [7882] postgres@postgres xxx.xxx.xxx.xxx LOG:  connection authenticated: identity="postgres" method=scram-sha-256 (/db1/myserver/postgresql/config/pg_hba.conf:PORT)
2026-03-02 xxxx:xxxx:xxxx:xxxx:xxxx:xxxx:xxxx:xxxx.250 IST [7882] postgres@postgres xxx.xxx.xxx.xxx LOG:  connection authorized: user=postgres database=postgres application_name=pg_dump
2026-03-02 xxxx:xxxx:xxxx:xxxx:xxxx:xxxx:xxxx:xxxx.628 IST [7882] postgres@postgres xxx.xxx.xxx.xxx LOG:  disconnection: session time: xxxx:xxxx:xxxx:xxxx:xxxx:xxxx:xxxx:xxxx.449 user=postgres database=postgres host=xxx.xxx.xxx.xxx port=35442
2026-03-02 xxxx:xxxx:xxxx:xxxx:xxxx:xxxx:xxxx:xxxx.631 IST [7873] postgres@postgres xxx.xxx.xxx.xxx LOG:  disconnection: session time: xxxx:xxxx:xxxx:xxxx:xxxx:xxxx:xxxx:xxxx.573 user=postgres database=postgres host=xxx.xxx.xxx.xxx port=35412
2026-03-02 xxxx:xxxx:xxxx:xxxx:xxxx:xxxx:xxxx:xxxx.081 IST [1081] @  LOG:  received smart shutdown request
2026-03-02 xxxx:xxxx:xxxx:xxxx:xxxx:xxxx:xxxx:xxxx.467 IST [1081] @  LOG:  received SIGHUP, reloading configuration files
2026-03-02 xxxx:xxxx:xxxx:xxxx:xxxx:xxxx:xxxx:xxxx.469 IST [1081] @  LOG:  background worker "logical replication launcher" (PID 1088) exited with exit code 1
2026-03-02 xxxx:xxxx:xxxx:xxxx:xxxx:xxxx:xxxx:xxxx.469 IST [1083] @  LOG:  shutting down
2026-03-02 xxxx:xxxx:xxxx:xxxx:xxxx:xxxx:xxxx:xxxx.669 IST [1083] @  LOG:  checkpoint starting: shutdown immediate
2026-03-02 xxxx:xxxx:xxxx:xxxx:xxxx:xxxx:xxxx:xxxx.055 IST [1083] @  LOG:  checkpoint complete: wrote 0 buffers (0.0%); 0 WAL file(s) added, 0 removed, 0 recycled; write=0.002 s, sync=0.001 s, total=0.586 s; sync files=0, longest=0.000 s, average=0.000 s; distance=0 kB, estimate=0 kB; lsn=0/192D718, redo lsn=0/192D718
2026-03-02 xxxx:xxxx:xxxx:xxxx:xxxx:xxxx:xxxx:xxxx.075 IST [1081] @  LOG:  database system is shut down
2026-03-02 xxxx:xxxx:xxxx:xxxx:xxxx:xxxx:xxxx:xxxx.638 IST [1306] @  LOG:  starting PostgreSQL 16.4 on x86_64-pc-linux-gnu, compiled by gcc (GCC) 8.5.0 20210514 (Red Hat 8.5.0-22.0.1), 64-bit
2026-03-02 xxxx:xxxx:xxxx:xxxx:xxxx:xxxx:xxxx:xxxx.639 IST [1306] @  LOG:  listening on IPv6 address "::1", port 5432
2026-03-02 xxxx:xxxx:xxxx:xxxx:xxxx:xxxx:xxxx:xxxx.639 IST [1306] @  LOG:  listening on IPv4 address "xxx.xxx.xxx.xxx", port 5432
2026-03-02 xxxx:xxxx:xxxx:xxxx:xxxx:xxxx:xxxx:xxxx.718 IST [1306] @  LOG:  listening on Unix socket "/db1/myserver/postgresql/run/.s.PGSQL.5432"
2026-03-02 xxxx:xxxx:xxxx:xxxx:xxxx:xxxx:xxxx:xxxx.823 IST [1310] @  LOG:  database system was shut down at 2026-03-02 xxxx:xxxx:xxxx:xxxx:xxxx:xxxx:xxxx:xxxx IST
2026-03-02 xxxx:xxxx:xxxx:xxxx:xxxx:xxxx:xxxx:xxxx.950 IST [1306] @  LOG:  database system is ready to accept connections
2026-03-02 xxxx:xxxx:xxxx:xxxx:xxxx:xxxx:xxxx:xxxx.917 IST [1308] @  LOG:  checkpoint starting: time
2026-03-02 xxxx:xxxx:xxxx:xxxx:xxxx:xxxx:xxxx:xxxx.175 IST [1308] @  LOG:  checkpoint complete: wrote 3 buffers (0.0%); 0 WAL file(s) added, 0 removed, 0 recycled; write=0.046 s, sync=0.025 s, total=0.259 s; sync files=2, longest=0.013 s, average=0.013 s; distance=0 kB, estimate=0 kB; lsn=0/192D800, redo lsn=0/192D7C8
