2026-02-23 xxxx:xxxx:xxxx:xxxx:xxxx:xxxx:xxxx:xxxx.391 IST [6232] [unknown]@[unknown] xxx.xxx.xxx.xxx LOG:  connection received: host=xxx.xxx.xxx.xxx port=37208
2026-02-23 xxxx:xxxx:xxxx:xxxx:xxxx:xxxx:xxxx:xxxx.499 IST [6232] postgres@postgres xxx.xxx.xxx.xxx LOG:  connection authenticated: identity="postgres" method=scram-sha-256 (/db1/myserver/postgresql/config/pg_hba.conf:PORT)
2026-02-23 xxxx:xxxx:xxxx:xxxx:xxxx:xxxx:xxxx:xxxx.499 IST [6232] postgres@postgres xxx.xxx.xxx.xxx LOG:  connection authorized: user=postgres database=postgres application_name=pg_dumpall
2026-02-23 xxxx:xxxx:xxxx:xxxx:xxxx:xxxx:xxxx:xxxx.954 IST [6242] [unknown]@[unknown] xxx.xxx.xxx.xxx LOG:  connection received: host=xxx.xxx.xxx.xxx port=37212
2026-02-23 xxxx:xxxx:xxxx:xxxx:xxxx:xxxx:xxxx:xxxx.023 IST [6242] postgres@template1 xxx.xxx.xxx.xxx LOG:  connection authenticated: identity="postgres" method=scram-sha-256 (/db1/myserver/postgresql/config/pg_hba.conf:PORT)
2026-02-23 xxxx:xxxx:xxxx:xxxx:xxxx:xxxx:xxxx:xxxx.023 IST [6242] postgres@template1 xxx.xxx.xxx.xxx LOG:  connection authorized: user=postgres database=template1 application_name=pg_dump
2026-02-23 xxxx:xxxx:xxxx:xxxx:xxxx:xxxx:xxxx:xxxx.956 IST [6242] postgres@template1 xxx.xxx.xxx.xxx LOG:  disconnection: session time: xxxx:xxxx:xxxx:xxxx:xxxx:xxxx:xxxx:xxxx.002 user=postgres database=template1 host=xxx.xxx.xxx.xxx port=37212
2026-02-23 xxxx:xxxx:xxxx:xxxx:xxxx:xxxx:xxxx:xxxx.979 IST [6250] [unknown]@[unknown] xxx.xxx.xxx.xxx LOG:  connection received: host=xxx.xxx.xxx.xxx port=37218
2026-02-23 xxxx:xxxx:xxxx:xxxx:xxxx:xxxx:xxxx:xxxx.047 IST [6250] postgres@harsh xxx.xxx.xxx.xxx LOG:  connection authenticated: identity="postgres" method=scram-sha-256 (/db1/myserver/postgresql/config/pg_hba.conf:PORT)
2026-02-23 xxxx:xxxx:xxxx:xxxx:xxxx:xxxx:xxxx:xxxx.047 IST [6250] postgres@harsh xxx.xxx.xxx.xxx LOG:  connection authorized: user=postgres database=harsh application_name=pg_dump
2026-02-23 xxxx:xxxx:xxxx:xxxx:xxxx:xxxx:xxxx:xxxx.800 IST [6250] postgres@harsh xxx.xxx.xxx.xxx LOG:  disconnection: session time: xxxx:xxxx:xxxx:xxxx:xxxx:xxxx:xxxx:xxxx.821 user=postgres database=harsh host=xxx.xxx.xxx.xxx port=37218
2026-02-23 xxxx:xxxx:xxxx:xxxx:xxxx:xxxx:xxxx:xxxx.823 IST [6253] [unknown]@[unknown] xxx.xxx.xxx.xxx LOG:  connection received: host=xxx.xxx.xxx.xxx port=37228
2026-02-23 xxxx:xxxx:xxxx:xxxx:xxxx:xxxx:xxxx:xxxx.889 IST [6253] postgres@postgres xxx.xxx.xxx.xxx LOG:  connection authenticated: identity="postgres" method=scram-sha-256 (/db1/myserver/postgresql/config/pg_hba.conf:PORT)
2026-02-23 xxxx:xxxx:xxxx:xxxx:xxxx:xxxx:xxxx:xxxx.889 IST [6253] postgres@postgres xxx.xxx.xxx.xxx LOG:  connection authorized: user=postgres database=postgres application_name=pg_dump
2026-02-23 xxxx:xxxx:xxxx:xxxx:xxxx:xxxx:xxxx:xxxx.266 IST [6253] postgres@postgres xxx.xxx.xxx.xxx LOG:  disconnection: session time: xxxx:xxxx:xxxx:xxxx:xxxx:xxxx:xxxx:xxxx.443 user=postgres database=postgres host=xxx.xxx.xxx.xxx port=37228
2026-02-23 xxxx:xxxx:xxxx:xxxx:xxxx:xxxx:xxxx:xxxx.268 IST [6232] postgres@postgres xxx.xxx.xxx.xxx LOG:  disconnection: session time: xxxx:xxxx:xxxx:xxxx:xxxx:xxxx:xxxx:xxxx.877 user=postgres database=postgres host=xxx.xxx.xxx.xxx port=37208
2026-02-23 xxxx:xxxx:xxxx:xxxx:xxxx:xxxx:xxxx:xxxx.889 IST [1639] @  LOG:  received smart shutdown request
2026-02-23 xxxx:xxxx:xxxx:xxxx:xxxx:xxxx:xxxx:xxxx.164 IST [1639] @  LOG:  received SIGHUP, reloading configuration files
2026-02-23 xxxx:xxxx:xxxx:xxxx:xxxx:xxxx:xxxx:xxxx.166 IST [1639] @  LOG:  background worker "logical replication launcher" (PID 1646) exited with exit code 1
2026-02-23 xxxx:xxxx:xxxx:xxxx:xxxx:xxxx:xxxx:xxxx.167 IST [1641] @  LOG:  shutting down
2026-02-23 xxxx:xxxx:xxxx:xxxx:xxxx:xxxx:xxxx:xxxx.354 IST [1641] @  LOG:  checkpoint starting: shutdown immediate
2026-02-23 xxxx:xxxx:xxxx:xxxx:xxxx:xxxx:xxxx:xxxx.688 IST [1641] @  LOG:  checkpoint complete: wrote 0 buffers (0.0%); 0 WAL file(s) added, 0 removed, 0 recycled; write=0.002 s, sync=0.001 s, total=0.522 s; sync files=0, longest=0.000 s, average=0.000 s; distance=0 kB, estimate=0 kB; lsn=0/192C8C0, redo lsn=0/192C8C0
2026-02-23 xxxx:xxxx:xxxx:xxxx:xxxx:xxxx:xxxx:xxxx.709 IST [1639] @  LOG:  database system is shut down
2026-02-23 xxxx:xxxx:xxxx:xxxx:xxxx:xxxx:xxxx:xxxx.037 IST [1418] @  LOG:  starting PostgreSQL 16.4 on x86_64-pc-linux-gnu, compiled by gcc (GCC) 8.5.0 20210514 (Red Hat 8.5.0-22.0.1), 64-bit
2026-02-23 xxxx:xxxx:xxxx:xxxx:xxxx:xxxx:xxxx:xxxx.038 IST [1418] @  LOG:  listening on IPv6 address "::1", port 5432
2026-02-23 xxxx:xxxx:xxxx:xxxx:xxxx:xxxx:xxxx:xxxx.038 IST [1418] @  LOG:  listening on IPv4 address "xxx.xxx.xxx.xxx", port 5432
2026-02-23 xxxx:xxxx:xxxx:xxxx:xxxx:xxxx:xxxx:xxxx.106 IST [1418] @  LOG:  listening on Unix socket "/db1/myserver/postgresql/run/.s.PGSQL.5432"
2026-02-23 xxxx:xxxx:xxxx:xxxx:xxxx:xxxx:xxxx:xxxx.212 IST [1422] @  LOG:  database system was shut down at 2026-02-23 xxxx:xxxx:xxxx:xxxx:xxxx:xxxx:xxxx:xxxx IST
2026-02-23 xxxx:xxxx:xxxx:xxxx:xxxx:xxxx:xxxx:xxxx.316 IST [1418] @  LOG:  database system is ready to accept connections
2026-02-23 xxxx:xxxx:xxxx:xxxx:xxxx:xxxx:xxxx:xxxx.292 IST [1420] @  LOG:  checkpoint starting: time
2026-02-23 xxxx:xxxx:xxxx:xxxx:xxxx:xxxx:xxxx:xxxx.507 IST [1420] @  LOG:  checkpoint complete: wrote 3 buffers (0.0%); 0 WAL file(s) added, 0 removed, 0 recycled; write=0.046 s, sync=0.025 s, total=0.216 s; sync files=2, longest=0.013 s, average=0.013 s; distance=0 kB, estimate=0 kB; lsn=0/192C9A8, redo lsn=0/192C970
2026-02-23 xxxx:xxxx:xxxx:xxxx:xxxx:xxxx:xxxx:xxxx.602 IST [3078] [unknown]@[unknown] [local] LOG:  connection received: host=[local]
2026-02-23 xxxx:xxxx:xxxx:xxxx:xxxx:xxxx:xxxx:xxxx.803 IST [3079] [unknown]@[unknown] [local] LOG:  connection received: host=[local]
2026-02-23 xxxx:xxxx:xxxx:xxxx:xxxx:xxxx:xxxx:xxxx.889 IST [3079] harsh@harsh [local] LOG:  connection authenticated: identity="harsh" method=scram-sha-256 (/db1/myserver/postgresql/config/pg_hba.conf:9)
2026-02-23 xxxx:xxxx:xxxx:xxxx:xxxx:xxxx:xxxx:xxxx.889 IST [3079] harsh@harsh [local] LOG:  connection authorized: user=harsh database=harsh application_name=psql
