2026-02-26 xxxx:xxxx:xxxx:xxxx:xxxx:xxxx:xxxx:xxxx.004 IST [5492] [unknown]@[unknown] xxx.xxx.xxx.xxx LOG:  connection received: host=xxx.xxx.xxx.xxx port=37726
2026-02-26 xxxx:xxxx:xxxx:xxxx:xxxx:xxxx:xxxx:xxxx.112 IST [5492] postgres@postgres xxx.xxx.xxx.xxx LOG:  connection authenticated: identity="postgres" method=scram-sha-256 (/db1/myserver/postgresql/config/pg_hba.conf:PORT)
2026-02-26 xxxx:xxxx:xxxx:xxxx:xxxx:xxxx:xxxx:xxxx.112 IST [5492] postgres@postgres xxx.xxx.xxx.xxx LOG:  connection authorized: user=postgres database=postgres application_name=pg_dumpall
2026-02-26 xxxx:xxxx:xxxx:xxxx:xxxx:xxxx:xxxx:xxxx.580 IST [5495] [unknown]@[unknown] xxx.xxx.xxx.xxx LOG:  connection received: host=xxx.xxx.xxx.xxx port=37732
2026-02-26 xxxx:xxxx:xxxx:xxxx:xxxx:xxxx:xxxx:xxxx.653 IST [5495] postgres@template1 xxx.xxx.xxx.xxx LOG:  connection authenticated: identity="postgres" method=scram-sha-256 (/db1/myserver/postgresql/config/pg_hba.conf:PORT)
2026-02-26 xxxx:xxxx:xxxx:xxxx:xxxx:xxxx:xxxx:xxxx.653 IST [5495] postgres@template1 xxx.xxx.xxx.xxx LOG:  connection authorized: user=postgres database=template1 application_name=pg_dump
2026-02-26 xxxx:xxxx:xxxx:xxxx:xxxx:xxxx:xxxx:xxxx.140 IST [5495] postgres@template1 xxx.xxx.xxx.xxx LOG:  disconnection: session time: xxxx:xxxx:xxxx:xxxx:xxxx:xxxx:xxxx:xxxx.560 user=postgres database=template1 host=xxx.xxx.xxx.xxx port=37732
2026-02-26 xxxx:xxxx:xxxx:xxxx:xxxx:xxxx:xxxx:xxxx.162 IST [5498] [unknown]@[unknown] xxx.xxx.xxx.xxx LOG:  connection received: host=xxx.xxx.xxx.xxx port=37740
2026-02-26 xxxx:xxxx:xxxx:xxxx:xxxx:xxxx:xxxx:xxxx.230 IST [5498] postgres@harsh xxx.xxx.xxx.xxx LOG:  connection authenticated: identity="postgres" method=scram-sha-256 (/db1/myserver/postgresql/config/pg_hba.conf:PORT)
2026-02-26 xxxx:xxxx:xxxx:xxxx:xxxx:xxxx:xxxx:xxxx.230 IST [5498] postgres@harsh xxx.xxx.xxx.xxx LOG:  connection authorized: user=postgres database=harsh application_name=pg_dump
2026-02-26 xxxx:xxxx:xxxx:xxxx:xxxx:xxxx:xxxx:xxxx.015 IST [5498] postgres@harsh xxx.xxx.xxx.xxx LOG:  disconnection: session time: xxxx:xxxx:xxxx:xxxx:xxxx:xxxx:xxxx:xxxx.853 user=postgres database=harsh host=xxx.xxx.xxx.xxx port=37740
2026-02-26 xxxx:xxxx:xxxx:xxxx:xxxx:xxxx:xxxx:xxxx.038 IST [5501] [unknown]@[unknown] xxx.xxx.xxx.xxx LOG:  connection received: host=xxx.xxx.xxx.xxx port=37750
2026-02-26 xxxx:xxxx:xxxx:xxxx:xxxx:xxxx:xxxx:xxxx.107 IST [5501] postgres@postgres xxx.xxx.xxx.xxx LOG:  connection authenticated: identity="postgres" method=scram-sha-256 (/db1/myserver/postgresql/config/pg_hba.conf:PORT)
2026-02-26 xxxx:xxxx:xxxx:xxxx:xxxx:xxxx:xxxx:xxxx.107 IST [5501] postgres@postgres xxx.xxx.xxx.xxx LOG:  connection authorized: user=postgres database=postgres application_name=pg_dump
2026-02-26 xxxx:xxxx:xxxx:xxxx:xxxx:xxxx:xxxx:xxxx.460 IST [5501] postgres@postgres xxx.xxx.xxx.xxx LOG:  disconnection: session time: xxxx:xxxx:xxxx:xxxx:xxxx:xxxx:xxxx:xxxx.422 user=postgres database=postgres host=xxx.xxx.xxx.xxx port=37750
2026-02-26 xxxx:xxxx:xxxx:xxxx:xxxx:xxxx:xxxx:xxxx.463 IST [5492] postgres@postgres xxx.xxx.xxx.xxx LOG:  disconnection: session time: xxxx:xxxx:xxxx:xxxx:xxxx:xxxx:xxxx:xxxx.459 user=postgres database=postgres host=xxx.xxx.xxx.xxx port=37726
2026-02-26 xxxx:xxxx:xxxx:xxxx:xxxx:xxxx:xxxx:xxxx.382 IST [1124] @  LOG:  received smart shutdown request
2026-02-26 xxxx:xxxx:xxxx:xxxx:xxxx:xxxx:xxxx:xxxx.736 IST [1124] @  LOG:  received SIGHUP, reloading configuration files
2026-02-26 xxxx:xxxx:xxxx:xxxx:xxxx:xxxx:xxxx:xxxx.738 IST [1124] @  LOG:  background worker "logical replication launcher" (PID 1131) exited with exit code 1
2026-02-26 xxxx:xxxx:xxxx:xxxx:xxxx:xxxx:xxxx:xxxx.739 IST [1126] @  LOG:  shutting down
2026-02-26 xxxx:xxxx:xxxx:xxxx:xxxx:xxxx:xxxx:xxxx.897 IST [1126] @  LOG:  checkpoint starting: shutdown immediate
2026-02-26 xxxx:xxxx:xxxx:xxxx:xxxx:xxxx:xxxx:xxxx.381 IST [1126] @  LOG:  checkpoint complete: wrote 0 buffers (0.0%); 0 WAL file(s) added, 0 removed, 0 recycled; write=0.048 s, sync=0.001 s, total=0.642 s; sync files=0, longest=0.000 s, average=0.000 s; distance=0 kB, estimate=0 kB; lsn=0/192D0B8, redo lsn=0/192D0B8
2026-02-26 xxxx:xxxx:xxxx:xxxx:xxxx:xxxx:xxxx:xxxx.401 IST [1124] @  LOG:  database system is shut down
2026-02-26 xxxx:xxxx:xxxx:xxxx:xxxx:xxxx:xxxx:xxxx.721 IST [931] @  LOG:  starting PostgreSQL 16.4 on x86_64-pc-linux-gnu, compiled by gcc (GCC) 8.5.0 20210514 (Red Hat 8.5.0-22.0.1), 64-bit
2026-02-26 xxxx:xxxx:xxxx:xxxx:xxxx:xxxx:xxxx:xxxx.722 IST [931] @  LOG:  listening on IPv6 address "::1", port 5432
2026-02-26 xxxx:xxxx:xxxx:xxxx:xxxx:xxxx:xxxx:xxxx.722 IST [931] @  LOG:  listening on IPv4 address "xxx.xxx.xxx.xxx", port 5432
2026-02-26 xxxx:xxxx:xxxx:xxxx:xxxx:xxxx:xxxx:xxxx.794 IST [931] @  LOG:  listening on Unix socket "/db1/myserver/postgresql/run/.s.PGSQL.5432"
2026-02-26 xxxx:xxxx:xxxx:xxxx:xxxx:xxxx:xxxx:xxxx.900 IST [935] @  LOG:  database system was shut down at 2026-02-26 xxxx:xxxx:xxxx:xxxx:xxxx:xxxx:xxxx:xxxx IST
2026-02-26 xxxx:xxxx:xxxx:xxxx:xxxx:xxxx:xxxx:xxxx.026 IST [931] @  LOG:  database system is ready to accept connections
2026-02-26 xxxx:xxxx:xxxx:xxxx:xxxx:xxxx:xxxx:xxxx.998 IST [933] @  LOG:  checkpoint starting: time
2026-02-26 xxxx:xxxx:xxxx:xxxx:xxxx:xxxx:xxxx:xxxx.267 IST [933] @  LOG:  checkpoint complete: wrote 3 buffers (0.0%); 0 WAL file(s) added, 0 removed, 0 recycled; write=0.046 s, sync=0.021 s, total=0.270 s; sync files=2, longest=0.013 s, average=0.011 s; distance=0 kB, estimate=0 kB; lsn=0/192D1A0, redo lsn=0/192D168
